#0 building with "default" instance using docker driver

#1 [internal] load build definition from Dockerfile
#1 transferring dockerfile: 747B 0.0s done
#1 DONE 0.0s

#2 [internal] load metadata for docker.io/library/maven:3.9.4-eclipse-temurin-21
#2 ...

#3 [internal] load metadata for docker.io/library/eclipse-temurin:21-jre-alpine
#3 DONE 0.8s

#2 [internal] load metadata for docker.io/library/maven:3.9.4-eclipse-temurin-21
#2 DONE 0.8s

#4 [internal] load .dockerignore
#4 transferring context: 2B done
#4 DONE 0.0s

#5 [build 1/4] FROM docker.io/library/maven:3.9.4-eclipse-temurin-21@sha256:a9b1581fc335b6eb0f56e2c884e870dbfb6519571475a06a941143d407c51bf7
#5 DONE 0.0s

#6 [stage-1 1/3] FROM docker.io/library/eclipse-temurin:21-jre-alpine@sha256:6ad8ed080d9be96b61438ec3ce99388e294af216ed57356000c06070e85c5d5d
#6 DONE 0.0s

#7 [internal] load build context
#7 transferring context: 251.12kB 0.5s done
#7 DONE 0.6s

#8 [build 3/4] COPY . .
#8 CACHED

#9 [build 4/4] RUN mvn clean install -U -DskipTests
#9 CACHED

#10 [stage-1 2/3] WORKDIR /app
#10 CACHED

#11 [build 2/4] WORKDIR /app
#11 CACHED

#12 [stage-1 3/3] COPY --from=build /app/dentispark-starter/target/dentispark-starter-1.1.0.jar app.jar
#12 CACHED

#13 exporting to image
#13 exporting layers done
#13 writing image sha256:9a79617d2fce0d26b373dab279dcc492c7ce533f27398a80fa63d2cd90953c96 done
#13 naming to docker.io/library/dentispark:staging done
#13 DONE 0.0s
docker: Error response from daemon: Conflict. The container name "/dentispark-staging" is already in use by container "2c5fb6d06bdc0768459e1dd5abc20b3ef1b104e04e3e7fa7fcf6cb48cec4218a". You have to remove (or rename) that container to be able to reuse that name.

Run 'docker run --help' for more information
