C:\Users\John\Projects\DentiSpark-Backup\dentispark-frontend-main\src\app\(dashboard)\ai-hub\war-room\page.tsx:128:75 - @typescript-eslint/no-explicit-any
C:\Users\John\Projects\DentiSpark-Backup\dentispark-frontend-main\src\app\(dashboard)\ai-hub\war-room\page.tsx:208:70 - @typescript-eslint/no-explicit-any
C:\Users\John\Projects\DentiSpark-Backup\dentispark-frontend-main\src\app\(dashboard)\dashboard\purchases\page.tsx:59:49 - @typescript-eslint/no-explicit-any
C:\Users\John\Projects\DentiSpark-Backup\dentispark-frontend-main\src\app\(dashboard)\mentorship\session\[bookingId]\components\daily-session-room.tsx:95:78 - react/no-unescaped-entities
C:\Users\John\Projects\DentiSpark-Backup\dentispark-frontend-main\src\app\(dashboard)\mentorship\session\[bookingId]\components\daily-session-room.tsx:106:73 - react/no-unescaped-entities
C:\Users\John\Projects\DentiSpark-Backup\dentispark-frontend-main\src\app\(website)\scholarships\[slug]\page.tsx:54:40 - @typescript-eslint/no-explicit-any
C:\Users\John\Projects\DentiSpark-Backup\dentispark-frontend-main\src\app\(website)\scholarships\[slug]\page.tsx:112:85 - @typescript-eslint/no-explicit-any
C:\Users\John\Projects\DentiSpark-Backup\dentispark-frontend-main\src\app\(website)\scholarships\[slug]\page.tsx:122:93 - @typescript-eslint/no-explicit-any
C:\Users\John\Projects\DentiSpark-Backup\dentispark-frontend-main\src\app\(website)\scholarships\[slug]\page.tsx:130:85 - @typescript-eslint/no-explicit-any
C:\Users\John\Projects\DentiSpark-Backup\dentispark-frontend-main\src\app\(website)\scholarships\[slug]\page.tsx:138:85 - @typescript-eslint/no-explicit-any
C:\Users\John\Projects\DentiSpark-Backup\dentispark-frontend-main\src\features\(auth)\components\signup-flow.tsx:117:44 - @typescript-eslint/no-explicit-any
C:\Users\John\Projects\DentiSpark-Backup\dentispark-frontend-main\src\features\(auth)\components\signup-flow.tsx:426:19 - react/no-unescaped-entities
C:\Users\John\Projects\DentiSpark-Backup\dentispark-frontend-main\src\features\(auth)\components\signup-flow.tsx:426:88 - react/no-unescaped-entities
C:\Users\John\Projects\DentiSpark-Backup\dentispark-frontend-main\src\features\(auth)\components\signup-flow.tsx:471:57 - @typescript-eslint/no-explicit-any
C:\Users\John\Projects\DentiSpark-Backup\dentispark-frontend-main\src\features\(auth)\components\signup-flow.tsx:505:53 - @typescript-eslint/no-explicit-any
C:\Users\John\Projects\DentiSpark-Backup\dentispark-frontend-main\src\features\(auth)\components\signup-flow.tsx:521:41 - @typescript-eslint/no-explicit-any
C:\Users\John\Projects\DentiSpark-Backup\dentispark-frontend-main\src\features\(dashboard)\admin\components\admin-profile-view.tsx:350:89 - @typescript-eslint/no-explicit-any
C:\Users\John\Projects\DentiSpark-Backup\dentispark-frontend-main\src\features\(dashboard)\admin\components\mentor-profile-view.tsx:85:131 - @typescript-eslint/no-explicit-any
C:\Users\John\Projects\DentiSpark-Backup\dentispark-frontend-main\src\features\(dashboard)\admin\components\student-profile-view.tsx:398:131 - @typescript-eslint/no-explicit-any
C:\Users\John\Projects\DentiSpark-Backup\dentispark-frontend-main\src\features\(dashboard)\admin\components\university-edit-view.tsx:76:122 - @typescript-eslint/no-explicit-any